\BOOKMARK [1][-]{section*.1}{\376\377\000A\000b\000s\000t\000r\000a\000c\000t}{}% 1
\BOOKMARK [1][-]{section.1}{\376\377\0001\000\040\000I\000n\000t\000r\000o\000d\000u\000c\000t\000i\000o\000n}{}% 2
\BOOKMARK [1][-]{section.2}{\376\377\0002\000\040\000M\000o\000t\000i\000v\000a\000t\000i\000o\000n}{}% 3
\BOOKMARK [2][-]{subsection.2.1}{\376\377\0002\000.\0001\000\040\000P\000e\000r\000f\000o\000r\000m\000a\000n\000c\000e\000\040\000P\000o\000t\000e\000n\000t\000i\000a\000l}{section.2}% 4
\BOOKMARK [2][-]{subsection.2.2}{\376\377\0002\000.\0002\000\040\000A\000p\000p\000e\000n\000d\000-\000m\000o\000s\000t\000l\000y\000\040\000F\000i\000l\000e\000s\000y\000s\000t\000e\000m\000s}{section.2}% 5
\BOOKMARK [2][-]{subsection.2.3}{\376\377\0002\000.\0003\000\040\000T\000h\000r\000e\000a\000t\000\040\000M\000o\000d\000e\000l}{section.2}% 6
\BOOKMARK [1][-]{section.3}{\376\377\0003\000\040\000S\000t\000r\000o\000n\000g\000B\000o\000x\000\040\000S\000y\000s\000t\000e\000m\000\040\000D\000e\000s\000i\000g\000n}{}% 7
\BOOKMARK [2][-]{subsection.3.1}{\376\377\0003\000.\0001\000\040\000B\000a\000c\000k\000i\000n\000g\000\040\000S\000t\000o\000r\000e\000\040\000F\000u\000n\000c\000t\000i\000o\000n\000\040\000a\000n\000d\000\040\000L\000a\000y\000o\000u\000t}{section.3}% 8
\BOOKMARK [2][-]{subsection.3.2}{\376\377\0003\000.\0002\000\040\000M\000e\000t\000a\000d\000a\000t\000a\000-\000a\000w\000a\000r\000e\000\040\000C\000r\000y\000p\000t\000o\000g\000r\000a\000p\000h\000i\000c\000\040\000D\000r\000i\000v\000e\000r}{section.3}% 9
\BOOKMARK [2][-]{subsection.3.3}{\376\377\0003\000.\0003\000\040\000D\000e\000f\000e\000n\000d\000i\000n\000g\000\040\000A\000g\000a\000i\000n\000s\000t\000\040\000R\000o\000l\000l\000b\000a\000c\000k\000\040\000A\000t\000t\000a\000c\000k\000s}{section.3}% 10
\BOOKMARK [2][-]{subsection.3.4}{\376\377\0003\000.\0004\000\040\000R\000e\000c\000o\000v\000e\000r\000i\000n\000g\000\040\000f\000r\000o\000m\000\040\000I\000n\000c\000o\000n\000s\000i\000s\000t\000e\000n\000t\000\040\000S\000t\000a\000t\000e}{section.3}% 11
\BOOKMARK [1][-]{section.4}{\376\377\0004\000\040\000S\000t\000r\000o\000n\000g\000B\000o\000x\000\040\000I\000m\000p\000l\000e\000m\000e\000n\000t\000a\000t\000i\000o\000n}{}% 12
\BOOKMARK [2][-]{subsection.4.1}{\376\377\0004\000.\0001\000\040\000D\000e\000r\000i\000v\000i\000n\000g\000\040\000S\000u\000b\000k\000e\000y\000s}{section.4}% 13
\BOOKMARK [2][-]{subsection.4.2}{\376\377\0004\000.\0002\000\040\000A\000\040\000S\000e\000c\000u\000r\000e\000,\000\040\000P\000e\000r\000s\000i\000s\000t\000e\000n\000t\000,\000\040\000M\000o\000n\000o\000t\000o\000n\000i\000c\000\040\000C\000o\000u\000n\000t\000e\000r}{section.4}% 14
\BOOKMARK [2][-]{subsection.4.3}{\376\377\0004\000.\0003\000\040\000L\000F\000S\000\040\000G\000a\000r\000b\000a\000g\000e\000\040\000C\000o\000l\000l\000e\000c\000t\000i\000o\000n}{section.4}% 15
\BOOKMARK [2][-]{subsection.4.4}{\376\377\0004\000.\0004\000\040\000O\000v\000e\000r\000h\000e\000a\000d}{section.4}% 16
\BOOKMARK [1][-]{section.5}{\376\377\0005\000\040\000E\000v\000a\000l\000u\000a\000t\000i\000o\000n}{}% 17
\BOOKMARK [2][-]{subsection.5.1}{\376\377\0005\000.\0001\000\040\000E\000x\000p\000e\000r\000i\000m\000e\000n\000t\000a\000l\000\040\000S\000e\000t\000u\000p}{section.5}% 18
\BOOKMARK [2][-]{subsection.5.2}{\376\377\0005\000.\0002\000\040\000E\000x\000p\000e\000r\000i\000m\000e\000n\000t\000a\000l\000\040\000M\000e\000t\000h\000o\000d\000o\000l\000o\000g\000y}{section.5}% 19
\BOOKMARK [2][-]{subsection.5.3}{\376\377\0005\000.\0003\000\040\000S\000t\000r\000o\000n\000g\000B\000o\000x\000\040\000R\000e\000a\000d\000\040\000P\000e\000r\000f\000o\000r\000m\000a\000n\000c\000e}{section.5}% 20
\BOOKMARK [2][-]{subsection.5.4}{\376\377\0005\000.\0004\000\040\000S\000t\000r\000o\000n\000g\000B\000o\000x\000\040\000W\000r\000i\000t\000e\000\040\000P\000e\000r\000f\000o\000r\000m\000a\000n\000c\000e}{section.5}% 21
\BOOKMARK [2][-]{subsection.5.5}{\376\377\0005\000.\0005\000\040\000O\000n\000\040\000R\000e\000p\000l\000a\000c\000i\000n\000g\000\040\000d\000m\000-\000c\000r\000y\000p\000t\000\040\000a\000n\000d\000\040\000E\000x\000t\0004}{section.5}% 22
\BOOKMARK [2][-]{subsection.5.6}{\376\377\0005\000.\0006\000\040\000P\000e\000r\000f\000o\000r\000m\000a\000n\000c\000e\000\040\000i\000n\000\040\000S\000t\000r\000o\000n\000g\000B\000o\000x\000:\000\040\000C\000h\000a\000C\000h\000a\0002\0000\000\040\000v\000s\000\040\000A\000E\000S}{section.5}% 23
\BOOKMARK [2][-]{subsection.5.7}{\376\377\0005\000.\0007\000\040\000O\000v\000e\000r\000h\000e\000a\000d\000\040\000w\000i\000t\000h\000\040\000a\000\040\000F\000u\000l\000l\000\040\000D\000r\000i\000v\000e}{section.5}% 24
\BOOKMARK [2][-]{subsection.5.8}{\376\377\0005\000.\0008\000\040\000T\000h\000r\000e\000a\000t\000\040\000A\000n\000a\000l\000y\000s\000i\000s}{section.5}% 25
\BOOKMARK [1][-]{section.6}{\376\377\0006\000\040\000R\000e\000l\000a\000t\000e\000d\000\040\000W\000o\000r\000k}{}% 26
\BOOKMARK [1][-]{section.7}{\376\377\0007\000\040\000C\000o\000n\000c\000l\000u\000s\000i\000o\000n}{}% 27
\BOOKMARK [1][-]{section*.16}{\376\377\000A\000c\000k\000n\000o\000w\000l\000e\000d\000g\000m\000e\000n\000t\000s}{}% 28
\BOOKMARK [1][-]{section*.18}{\376\377\000R\000e\000f\000e\000r\000e\000n\000c\000e\000s}{}% 29
